{"error":"Could not connect to any servers in your MongoDB Atlas cluster. One common reason is that you're trying to access the database from an IP that isn't whitelisted. Make sure your current IP address is on your Atlas cluster's IP whitelist: https://www.mongodb.com/docs/atlas/security-whitelist/","level":"error","message":"MongoDB connection error:","timestamp":"2025-06-05T15:46:34.968Z"}
{"level":"info","message":"MongoDB connected successfully","timestamp":"2025-06-05T15:48:25.347Z"}
{"level":"info","message":"MongoDB connected successfully","timestamp":"2025-06-05T16:01:20.216Z"}
{"level":"info","message":"MongoDB connected successfully","timestamp":"2025-06-08T23:11:58.529Z"}
{"level":"warn","message":"No token provided in request","timestamp":"2025-06-08T23:13:46.503Z"}
{"level":"warn","message":"No token provided in request","timestamp":"2025-06-08T23:16:13.683Z"}
{"level":"warn","message":"No token provided in request","timestamp":"2025-06-08T23:16:15.820Z"}
{"level":"warn","message":"No token provided in request","timestamp":"2025-06-08T23:21:14.308Z"}
{"level":"warn","message":"No token provided in request","timestamp":"2025-06-08T23:21:49.394Z"}
{"level":"warn","message":"No token provided in request","timestamp":"2025-06-08T23:21:53.404Z"}
{"level":"warn","message":"No token provided in request","timestamp":"2025-06-08T23:21:58.460Z"}
{"level":"warn","message":"No token provided in request","timestamp":"2025-06-08T23:22:05.955Z"}
{"level":"warn","message":"No token provided in request","timestamp":"2025-06-08T23:27:46.092Z"}
{"level":"warn","message":"No token provided in request","timestamp":"2025-06-08T23:27:48.693Z"}
{"level":"warn","message":"No token provided in request","timestamp":"2025-06-08T23:27:52.700Z"}
{"level":"warn","message":"No token provided in request","timestamp":"2025-06-08T23:28:08.419Z"}
{"level":"warn","message":"No token provided in request","timestamp":"2025-06-08T23:28:09.699Z"}
{"level":"warn","message":"No token provided in request","timestamp":"2025-06-08T23:28:18.663Z"}
{"level":"warn","message":"No token provided in request","timestamp":"2025-06-08T23:28:31.801Z"}
{"level":"warn","message":"No token provided in request","timestamp":"2025-06-08T23:28:33.832Z"}
{"level":"warn","message":"No token provided in request","timestamp":"2025-06-08T23:28:34.939Z"}
{"level":"warn","message":"No token provided in request","timestamp":"2025-06-08T23:32:51.523Z"}
{"level":"warn","message":"No token provided in request","timestamp":"2025-06-08T23:33:01.152Z"}
{"level":"warn","message":"No token provided in request","timestamp":"2025-06-08T23:33:01.985Z"}
{"level":"warn","message":"No token provided in request","timestamp":"2025-06-08T23:33:40.622Z"}
{"level":"warn","message":"No token provided in request","timestamp":"2025-06-08T23:33:47.328Z"}
{"level":"warn","message":"No token provided in request","timestamp":"2025-06-08T23:34:26.589Z"}
{"level":"warn","message":"No token provided in request","timestamp":"2025-06-08T23:34:33.768Z"}
{"level":"warn","message":"No token provided in request","timestamp":"2025-06-08T23:35:13.342Z"}
{"level":"warn","message":"No token provided in request","timestamp":"2025-06-08T23:35:30.232Z"}
{"level":"warn","message":"No token provided in request","timestamp":"2025-06-08T23:35:52.018Z"}
{"error":"Request failed with status code 401","level":"error","message":"Error initializing Paystack payment","timestamp":"2025-06-08T23:40:01.268Z","userId":"68461e02180e62a2ce1ec66b"}
{"error":"Failed to initialize payment","level":"error","message":"Error creating order","timestamp":"2025-06-08T23:40:01.284Z","userId":"68461e02180e62a2ce1ec66b"}
{"level":"info","message":"MongoDB connected successfully","timestamp":"2025-06-08T23:53:43.085Z"}
{"level":"info","message":"MongoDB connected successfully","timestamp":"2025-06-08T23:55:30.784Z"}
{"level":"info","message":"MongoDB connected successfully","timestamp":"2025-06-08T23:57:51.533Z"}
{"level":"info","message":"MongoDB connected successfully","timestamp":"2025-06-08T23:58:02.023Z"}
{"level":"info","message":"MongoDB connected successfully","timestamp":"2025-06-08T23:58:47.690Z"}
{"level":"info","message":"MongoDB connected successfully","timestamp":"2025-06-08T23:59:25.598Z"}
{"error":"payload is not defined","level":"error","message":"Error creating order","timestamp":"2025-06-08T23:59:41.880Z","userId":"68461e02180e62a2ce1ec66b"}
{"level":"info","message":"MongoDB connected successfully","timestamp":"2025-06-09T00:07:05.888Z"}
{"level":"info","message":"MongoDB connected successfully","timestamp":"2025-06-09T00:08:38.547Z"}
{"error":"Invalid key","level":"error","message":"Error initializing Paystack payment","orderId":"6846261af0d10d37852075d7","timestamp":"2025-06-09T00:08:59.690Z","userId":"68461e02180e62a2ce1ec66b"}
{"error":"Failed to initialize payment: Invalid key","level":"error","message":"Error creating order","timestamp":"2025-06-09T00:08:59.700Z","userId":"68461e02180e62a2ce1ec66b"}
{"level":"info","message":"MongoDB connected successfully","timestamp":"2025-06-09T22:54:21.635Z"}
{"error":"Could not connect to any servers in your MongoDB Atlas cluster. One common reason is that you're trying to access the database from an IP that isn't whitelisted. Make sure your current IP address is on your Atlas cluster's IP whitelist: https://www.mongodb.com/docs/atlas/security-whitelist/","level":"error","message":"MongoDB connection error:","timestamp":"2025-06-10T08:55:31.710Z"}
{"level":"info","message":"MongoDB connected successfully","timestamp":"2025-06-10T09:24:34.614Z"}
{"level":"info","message":"MongoDB connected successfully","timestamp":"2025-06-10T09:53:35.336Z"}
{"level":"info","message":"MongoDB connected successfully","timestamp":"2025-06-10T09:56:18.797Z"}
{"level":"info","message":"MongoDB connected successfully","timestamp":"2025-06-10T11:24:22.909Z"}
{"error":"secret or public key must be provided","level":"error","message":"Token verification failed","timestamp":"2025-06-10T11:24:40.899Z"}
{"error":"secret or public key must be provided","level":"error","message":"Token verification failed","timestamp":"2025-06-10T11:24:41.407Z"}
{"level":"warn","message":"No token provided in request","timestamp":"2025-06-10T11:24:51.682Z"}
{"level":"warn","message":"No token provided in request","timestamp":"2025-06-10T11:24:59.528Z"}
{"level":"warn","message":"No token provided in request","timestamp":"2025-06-10T11:25:06.802Z"}
{"level":"warn","message":"No token provided in request","timestamp":"2025-06-10T11:25:07.421Z"}
{"level":"warn","message":"No token provided in request","timestamp":"2025-06-10T11:25:25.298Z"}
{"level":"warn","message":"No token provided in request","timestamp":"2025-06-10T11:26:10.519Z"}
{"level":"info","message":"MongoDB connected successfully","timestamp":"2025-06-10T11:37:49.544Z"}
{"level":"warn","message":"No token provided in request","timestamp":"2025-06-10T11:39:27.663Z"}
{"level":"warn","message":"Signup attempt with existing email: test1@example.com","timestamp":"2025-06-10T11:39:28.561Z"}
{"error":"Email already in use. Please use a different email or log in.","level":"error","message":"Signup error:","timestamp":"2025-06-10T11:39:28.562Z"}
{"level":"warn","message":"No token provided in request","timestamp":"2025-06-10T11:39:29.076Z"}
{"level":"warn","message":"No token provided in request","timestamp":"2025-06-10T11:39:37.271Z"}
{"error":"secretOrPrivateKey must have a value","level":"error","message":"Signup error:","timestamp":"2025-06-10T11:39:52.772Z"}
{"level":"warn","message":"No token provided in request","timestamp":"2025-06-10T11:39:53.219Z"}
{"level":"warn","message":"No token provided in request","timestamp":"2025-06-10T11:40:07.981Z"}
{"level":"warn","message":"Signup attempt with existing email: test2@example.com","timestamp":"2025-06-10T11:40:15.871Z"}
{"error":"Email already in use. Please use a different email or log in.","level":"error","message":"Signup error:","timestamp":"2025-06-10T11:40:15.871Z"}
{"level":"warn","message":"No token provided in request","timestamp":"2025-06-10T11:40:16.230Z"}
{"level":"warn","message":"No token provided in request","timestamp":"2025-06-10T11:40:26.871Z"}
{"error":"secretOrPrivateKey must have a value","level":"error","message":"Signup error:","timestamp":"2025-06-10T11:40:27.318Z"}
{"level":"warn","message":"No token provided in request","timestamp":"2025-06-10T11:40:27.669Z"}
{"level":"info","message":"MongoDB connected successfully","timestamp":"2025-06-10T11:44:07.982Z"}
{"level":"info","message":"MongoDB connected successfully","timestamp":"2025-06-10T11:51:48.124Z"}
{"level":"info","message":"MongoDB connected successfully","timestamp":"2025-06-10T11:52:36.883Z"}
{"level":"info","message":"MongoDB connected successfully","timestamp":"2025-06-10T11:53:24.130Z"}
{"level":"info","message":"MongoDB connected successfully","timestamp":"2025-06-10T11:57:03.696Z"}
{"level":"info","message":"MongoDB connected successfully","timestamp":"2025-06-10T12:01:28.075Z"}
{"level":"info","message":"MongoDB connected successfully","timestamp":"2025-06-10T12:01:39.993Z"}
{"level":"info","message":"MongoDB connected successfully","timestamp":"2025-06-10T12:01:47.215Z"}
{"level":"warn","message":"No token provided in request","timestamp":"2025-06-10T12:02:16.359Z"}
{"level":"info","message":"User signed up: test3@example.com","timestamp":"2025-06-10T12:02:17.000Z"}
{"level":"warn","message":"No token provided in request","timestamp":"2025-06-10T12:02:17.396Z"}
{"error":"invalid signature","level":"error","message":"Token verification failed","timestamp":"2025-06-10T12:02:29.104Z"}
{"error":"Product 68461cd0180e62a2ce1ec662 not found","level":"error","message":"Error creating order","timestamp":"2025-06-10T12:02:40.335Z","userId":"68481ec8ff7cd504f99fbb5b"}
{"level":"warn","message":"No token provided in request","timestamp":"2025-06-10T12:02:51.211Z"}
{"level":"warn","message":"No token provided in request","timestamp":"2025-06-10T12:04:02.280Z"}
{"error":"Product 68461cd0180e62a2ce1ec662 not found","level":"error","message":"Error creating order","timestamp":"2025-06-10T12:04:19.232Z","userId":"68481ec8ff7cd504f99fbb5b"}
{"error":"Product 68461cd0180e62a2ce1ec662 not found","level":"error","message":"Error creating order","timestamp":"2025-06-10T12:08:35.571Z","userId":"68481ec8ff7cd504f99fbb5b"}
{"error":"Product 68461cd0180e62a537f2c662 not found","level":"error","message":"Error creating order","timestamp":"2025-06-10T12:10:22.436Z","userId":"68481ec8ff7cd504f99fbb5b"}
{"level":"warn","message":"No token provided in request","timestamp":"2025-06-10T12:10:36.067Z"}
{"level":"warn","message":"No token provided in request","timestamp":"2025-06-10T12:10:44.242Z"}
{"level":"warn","message":"No token provided in request","timestamp":"2025-06-10T12:10:46.659Z"}
{"level":"warn","message":"No token provided in request","timestamp":"2025-06-10T12:10:47.794Z"}
{"level":"warn","message":"No token provided in request","timestamp":"2025-06-10T12:10:49.395Z"}
{"level":"warn","message":"No token provided in request","timestamp":"2025-06-10T12:10:55.672Z"}
{"level":"warn","message":"No token provided in request","timestamp":"2025-06-10T12:10:56.223Z"}
{"level":"warn","message":"No token provided in request","timestamp":"2025-06-10T12:10:59.048Z"}
{"level":"warn","message":"No token provided in request","timestamp":"2025-06-10T12:11:10.941Z"}
{"level":"info","message":"User signed up: admin3@example.com","timestamp":"2025-06-10T12:11:11.470Z"}
{"level":"warn","message":"No token provided in request","timestamp":"2025-06-10T12:11:11.808Z"}
{"error":"invalid signature","level":"error","message":"Token verification failed","timestamp":"2025-06-10T12:11:26.315Z"}
{"error":"jwt malformed","level":"error","message":"Token verification failed","timestamp":"2025-06-10T12:11:34.227Z"}
{"error":"jwt malformed","level":"error","message":"Token verification failed","timestamp":"2025-06-10T12:11:51.946Z"}
{"error":"jwt malformed","level":"error","message":"Token verification failed","timestamp":"2025-06-10T12:11:52.353Z"}
{"level":"warn","message":"No token provided in request","timestamp":"2025-06-10T12:13:02.255Z"}
{"level":"warn","message":"No token provided in request","timestamp":"2025-06-10T12:13:12.028Z"}
{"level":"warn","message":"No token provided in request","timestamp":"2025-06-10T12:13:14.702Z"}
{"level":"warn","message":"No token provided in request","timestamp":"2025-06-10T12:13:15.124Z"}
{"level":"warn","message":"No token provided in request","timestamp":"2025-06-10T12:13:47.476Z"}
{"level":"info","message":"Paystack transaction initialized","orderId":"68482195ff7cd504f99fbb87","reference":"order_68482195ff7cd504f99fbb87_1749557653649","timestamp":"2025-06-10T12:14:14.713Z","userId":"68481ec8ff7cd504f99fbb5b"}
{"level":"info","message":"Order created and payment initialized","orderId":"68482195ff7cd504f99fbb87","timestamp":"2025-06-10T12:14:14.882Z","userId":"68481ec8ff7cd504f99fbb5b"}
{"level":"info","message":"Paystack transaction initialized","orderId":"684821cbff7cd504f99fbb94","reference":"order_684821cbff7cd504f99fbb94_1749557707841","timestamp":"2025-06-10T12:15:08.835Z","userId":"68481ec8ff7cd504f99fbb5b"}
{"level":"info","message":"Order created and payment initialized","orderId":"684821cbff7cd504f99fbb94","timestamp":"2025-06-10T12:15:09.031Z","userId":"68481ec8ff7cd504f99fbb5b"}
{"error":"read ECONNRESET","level":"error","message":"Token verification failed","timestamp":"2025-06-10T12:17:32.980Z"}
{"error":"read ECONNRESET","level":"error","message":"Token verification failed","timestamp":"2025-06-10T12:17:33.688Z"}
{"level":"warn","message":"No token provided in request","timestamp":"2025-06-10T12:17:42.851Z"}
{"level":"warn","message":"Signup attempt with existing email: test3@example.com","timestamp":"2025-06-10T12:17:45.265Z"}
{"error":"Email already in use. Please use a different email or log in.","level":"error","message":"Signup error:","timestamp":"2025-06-10T12:17:45.266Z"}
{"level":"warn","message":"No token provided in request","timestamp":"2025-06-10T12:17:48.440Z"}
{"level":"warn","message":"No token provided in request","timestamp":"2025-06-10T12:17:58.021Z"}
{"level":"info","message":"User signed up: test4@example.com","timestamp":"2025-06-10T12:17:58.576Z"}
{"level":"warn","message":"No token provided in request","timestamp":"2025-06-10T12:17:58.928Z"}
{"level":"info","message":"Paystack transaction initialized","orderId":"68482294ff7cd504f99fbba8","reference":"order_68482294ff7cd504f99fbba8_1749557909277","timestamp":"2025-06-10T12:18:30.980Z","userId":"68482276ff7cd504f99fbba2"}
{"level":"info","message":"Order created and payment initialized","orderId":"68482294ff7cd504f99fbba8","timestamp":"2025-06-10T12:18:31.181Z","userId":"68482276ff7cd504f99fbba2"}
{"level":"info","message":"Paystack transaction initialized","orderId":"68482351ff7cd504f99fbbb4","reference":"order_68482351ff7cd504f99fbbb4_1749558098184","timestamp":"2025-06-10T12:21:39.146Z","userId":"68482276ff7cd504f99fbba2"}
{"level":"info","message":"Order created and payment initialized","orderId":"68482351ff7cd504f99fbbb4","timestamp":"2025-06-10T12:21:39.386Z","userId":"68482276ff7cd504f99fbba2"}
{"level":"info","message":"Payment successful, order updated","orderId":"68482351ff7cd504f99fbbb4","reference":"order_68482351ff7cd504f99fbbb4_1749558098184","timestamp":"2025-06-10T12:24:19.954Z"}
{"level":"warn","message":"No token provided in request","timestamp":"2025-06-10T12:25:45.751Z"}
{"level":"warn","message":"No token provided in request","timestamp":"2025-06-10T12:39:59.454Z"}
{"level":"warn","message":"No token provided in request","timestamp":"2025-06-10T12:40:17.426Z"}
{"level":"warn","message":"No token provided in request","timestamp":"2025-06-10T12:40:17.849Z"}
{"level":"warn","message":"No token provided in request","timestamp":"2025-06-10T13:26:16.362Z"}
{"level":"warn","message":"No token provided in request","timestamp":"2025-06-10T13:27:21.936Z"}
{"level":"warn","message":"No token provided in request","timestamp":"2025-06-10T13:27:39.855Z"}
{"level":"warn","message":"No token provided in request","timestamp":"2025-06-10T13:27:53.396Z"}
{"level":"warn","message":"No token provided in request","timestamp":"2025-06-10T13:28:23.448Z"}
{"level":"warn","message":"No token provided in request","timestamp":"2025-06-10T13:28:26.446Z"}
{"level":"warn","message":"No token provided in request","timestamp":"2025-06-10T13:29:34.629Z"}
{"level":"warn","message":"No token provided in request","timestamp":"2025-06-10T13:29:37.944Z"}
{"level":"warn","message":"No token provided in request","timestamp":"2025-06-10T13:29:55.017Z"}
{"level":"warn","message":"No token provided in request","timestamp":"2025-06-10T13:29:55.865Z"}
{"level":"warn","message":"No token provided in request","timestamp":"2025-06-10T13:30:05.198Z"}
{"error":"read ECONNRESET","level":"error","message":"Token verification failed","timestamp":"2025-06-10T13:30:37.695Z"}
{"level":"warn","message":"No token provided in request","timestamp":"2025-06-10T13:31:06.347Z"}
{"level":"warn","message":"No token provided in request","timestamp":"2025-06-10T13:34:04.023Z"}
{"level":"warn","message":"No token provided in request","timestamp":"2025-06-10T13:34:14.396Z"}
{"level":"warn","message":"No token provided in request","timestamp":"2025-06-10T13:38:07.274Z"}
{"level":"warn","message":"No token provided in request","timestamp":"2025-06-10T13:38:14.666Z"}
{"level":"warn","message":"No token provided in request","timestamp":"2025-06-10T13:38:18.664Z"}
{"level":"warn","message":"No token provided in request","timestamp":"2025-06-10T13:39:17.775Z"}
{"level":"warn","message":"No token provided in request","timestamp":"2025-06-10T13:39:37.463Z"}
{"level":"warn","message":"No token provided in request","timestamp":"2025-06-10T13:39:46.142Z"}
{"level":"warn","message":"No token provided in request","timestamp":"2025-06-10T13:39:48.532Z"}
{"level":"warn","message":"No token provided in request","timestamp":"2025-06-10T13:39:49.269Z"}
{"level":"warn","message":"No token provided in request","timestamp":"2025-06-10T13:40:27.768Z"}
{"level":"warn","message":"No token provided in request","timestamp":"2025-06-10T13:41:08.907Z"}
{"error":"text index required for $text query","level":"error","message":"Error in searchProducts","timestamp":"2025-06-10T13:41:09.073Z"}
{"error":"Failed to search products","level":"error","message":"Error searching products","query":"solar","timestamp":"2025-06-10T13:41:09.075Z"}
{"level":"warn","message":"No token provided in request","timestamp":"2025-06-10T13:41:09.577Z"}
{"level":"warn","message":"No token provided in request","timestamp":"2025-06-10T13:41:10.854Z"}
{"error":"text index required for $text query","level":"error","message":"Error in searchProducts","timestamp":"2025-06-10T13:41:10.987Z"}
{"error":"Failed to search products","level":"error","message":"Error searching products","query":"solar","timestamp":"2025-06-10T13:41:10.988Z"}
{"level":"warn","message":"No token provided in request","timestamp":"2025-06-10T13:41:11.365Z"}
{"level":"warn","message":"No token provided in request","timestamp":"2025-06-10T13:41:18.137Z"}
{"level":"warn","message":"No token provided in request","timestamp":"2025-06-10T13:41:22.873Z"}
{"level":"warn","message":"No token provided in request","timestamp":"2025-06-10T13:43:57.151Z"}
{"level":"warn","message":"No token provided in request","timestamp":"2025-06-10T13:44:59.965Z"}
{"level":"warn","message":"No token provided in request","timestamp":"2025-06-10T13:48:07.716Z"}
{"level":"warn","message":"No token provided in request","timestamp":"2025-06-10T13:49:20.847Z"}
{"level":"warn","message":"No token provided in request","timestamp":"2025-06-10T13:52:06.572Z"}
{"level":"warn","message":"No token provided in request","timestamp":"2025-06-10T13:52:14.261Z"}
{"level":"warn","message":"No token provided in request","timestamp":"2025-06-10T13:53:31.152Z"}
{"level":"warn","message":"No token provided in request","timestamp":"2025-06-10T14:00:44.567Z"}
{"level":"warn","message":"No token provided in request","timestamp":"2025-06-10T14:00:50.232Z"}
{"level":"warn","message":"No token provided in request","timestamp":"2025-06-10T14:00:58.718Z"}
{"level":"warn","message":"No token provided in request","timestamp":"2025-06-10T14:01:26.439Z"}
{"level":"warn","message":"No token provided in request","timestamp":"2025-06-10T14:01:34.385Z"}
{"level":"warn","message":"No token provided in request","timestamp":"2025-06-10T14:01:34.993Z"}
{"level":"warn","message":"No token provided in request","timestamp":"2025-06-10T14:01:45.377Z"}
{"level":"warn","message":"No token provided in request","timestamp":"2025-06-10T14:01:47.201Z"}
{"level":"warn","message":"No token provided in request","timestamp":"2025-06-10T14:08:42.773Z"}
{"level":"warn","message":"No token provided in request","timestamp":"2025-06-10T14:08:46.300Z"}
{"error":"text index required for $text query","level":"error","message":"Error in searchProducts","timestamp":"2025-06-10T14:08:46.559Z"}
{"error":"Failed to search products","level":"error","message":"Error searching products","query":"solar","timestamp":"2025-06-10T14:08:46.559Z"}
{"level":"warn","message":"No token provided in request","timestamp":"2025-06-10T14:08:47.448Z"}
{"level":"warn","message":"No token provided in request","timestamp":"2025-06-10T14:08:50.253Z"}
{"error":"text index required for $text query","level":"error","message":"Error in searchProducts","timestamp":"2025-06-10T14:08:50.497Z"}
{"error":"Failed to search products","level":"error","message":"Error searching products","query":"solar","timestamp":"2025-06-10T14:08:50.497Z"}
{"level":"warn","message":"No token provided in request","timestamp":"2025-06-10T14:08:50.891Z"}
{"level":"warn","message":"No token provided in request","timestamp":"2025-06-10T14:08:51.616Z"}
{"error":"text index required for $text query","level":"error","message":"Error in searchProducts","timestamp":"2025-06-10T14:08:51.848Z"}
{"error":"Failed to search products","level":"error","message":"Error searching products","query":"solar","timestamp":"2025-06-10T14:08:51.849Z"}
{"level":"warn","message":"No token provided in request","timestamp":"2025-06-10T14:08:52.246Z"}
{"level":"warn","message":"No token provided in request","timestamp":"2025-06-10T14:09:02.313Z"}
{"level":"warn","message":"No token provided in request","timestamp":"2025-06-10T14:12:02.218Z"}
{"level":"warn","message":"No token provided in request","timestamp":"2025-06-10T14:12:16.941Z"}
{"level":"warn","message":"No token provided in request","timestamp":"2025-06-10T14:12:21.078Z"}
{"level":"warn","message":"No token provided in request","timestamp":"2025-06-10T14:12:28.753Z"}
{"level":"warn","message":"No token provided in request","timestamp":"2025-06-10T14:12:43.927Z"}
{"level":"warn","message":"No token provided in request","timestamp":"2025-06-10T14:13:13.507Z"}
{"level":"warn","message":"No token provided in request","timestamp":"2025-06-10T14:13:27.985Z"}
{"level":"warn","message":"No token provided in request","timestamp":"2025-06-10T14:13:28.694Z"}
{"level":"warn","message":"No token provided in request","timestamp":"2025-06-10T14:13:38.940Z"}
{"level":"warn","message":"No token provided in request","timestamp":"2025-06-10T14:13:44.766Z"}
{"level":"warn","message":"No token provided in request","timestamp":"2025-06-10T14:14:35.846Z"}
{"level":"warn","message":"No token provided in request","timestamp":"2025-06-10T14:15:01.047Z"}
{"level":"warn","message":"No token provided in request","timestamp":"2025-06-10T14:15:01.994Z"}
{"level":"warn","message":"No token provided in request","timestamp":"2025-06-10T14:16:50.731Z"}
{"level":"warn","message":"No token provided in request","timestamp":"2025-06-10T14:20:26.128Z"}
{"level":"warn","message":"No token provided in request","timestamp":"2025-06-10T14:20:31.566Z"}
{"level":"warn","message":"No token provided in request","timestamp":"2025-06-10T14:20:38.404Z"}
{"level":"warn","message":"No token provided in request","timestamp":"2025-06-10T14:20:43.212Z"}
{"level":"warn","message":"No token provided in request","timestamp":"2025-06-10T14:20:49.379Z"}
{"level":"warn","message":"No token provided in request","timestamp":"2025-06-10T14:20:52.644Z"}
{"level":"warn","message":"No token provided in request","timestamp":"2025-06-10T14:20:58.531Z"}
{"level":"warn","message":"No token provided in request","timestamp":"2025-06-10T14:21:01.276Z"}
{"level":"warn","message":"No token provided in request","timestamp":"2025-06-10T14:21:03.520Z"}
{"level":"warn","message":"No token provided in request","timestamp":"2025-06-10T14:21:12.757Z"}
{"level":"warn","message":"No token provided in request","timestamp":"2025-06-10T14:22:07.180Z"}
{"level":"warn","message":"No token provided in request","timestamp":"2025-06-10T14:23:32.036Z"}
{"error":"text index required for $text query","level":"error","message":"Error in searchProducts","timestamp":"2025-06-10T14:23:32.237Z"}
{"error":"Failed to search products","level":"error","message":"Error searching products","query":"battery","timestamp":"2025-06-10T14:23:32.238Z"}
{"level":"warn","message":"No token provided in request","timestamp":"2025-06-10T14:23:32.661Z"}
{"level":"warn","message":"No token provided in request","timestamp":"2025-06-10T14:24:43.973Z"}
{"error":"text index required for $text query","level":"error","message":"Error in searchProducts","timestamp":"2025-06-10T14:24:44.221Z"}
{"error":"Failed to search products","level":"error","message":"Error searching products","query":"solar","timestamp":"2025-06-10T14:24:44.222Z"}
{"level":"warn","message":"No token provided in request","timestamp":"2025-06-10T14:24:44.662Z"}
{"level":"warn","message":"No token provided in request","timestamp":"2025-06-10T14:25:51.625Z"}
{"level":"warn","message":"No token provided in request","timestamp":"2025-06-10T14:26:02.735Z"}
{"level":"warn","message":"No token provided in request","timestamp":"2025-06-10T14:26:27.996Z"}
{"level":"warn","message":"No token provided in request","timestamp":"2025-06-10T14:26:33.663Z"}
{"error":"text index required for $text query","level":"error","message":"Error in searchProducts","timestamp":"2025-06-10T14:26:33.857Z"}
{"error":"Failed to search products","level":"error","message":"Error searching products","query":"solar","timestamp":"2025-06-10T14:26:33.857Z"}
{"level":"warn","message":"No token provided in request","timestamp":"2025-06-10T14:26:34.265Z"}
{"level":"info","message":"MongoDB connected successfully","timestamp":"2025-06-10T14:38:54.271Z"}
{"level":"info","message":"MongoDB connected successfully","timestamp":"2025-06-10T14:39:57.774Z"}
{"level":"warn","message":"No token provided in request","timestamp":"2025-06-10T14:40:19.672Z"}
{"level":"warn","message":"No token provided in request","timestamp":"2025-06-10T14:40:21.253Z"}
{"level":"info","message":"MongoDB connected successfully","timestamp":"2025-06-10T15:07:14.775Z"}
{"level":"info","message":"MongoDB connected successfully","timestamp":"2025-06-10T15:51:58.908Z"}
{"level":"warn","message":"No token provided in request","timestamp":"2025-06-10T15:53:34.733Z"}
{"level":"warn","message":"No token provided in request","timestamp":"2025-06-10T15:54:01.002Z"}
{"guestId":"8WkgRvbST7YI","level":"info","message":"Guest details saved","timestamp":"2025-06-10T15:54:01.202Z"}
{"level":"warn","message":"No token provided in request","timestamp":"2025-06-10T15:54:01.737Z"}
{"level":"warn","message":"No token provided in request","timestamp":"2025-06-10T15:54:38.164Z"}
{"level":"warn","message":"No token provided in request","timestamp":"2025-06-10T15:54:41.883Z"}
{"level":"warn","message":"No token provided in request","timestamp":"2025-06-10T15:54:42.420Z"}
{"level":"warn","message":"No token provided in request","timestamp":"2025-06-10T15:54:44.084Z"}
{"level":"warn","message":"No token provided in request","timestamp":"2025-06-10T15:54:44.624Z"}
{"level":"warn","message":"No token provided in request","timestamp":"2025-06-10T15:54:45.105Z"}
{"level":"warn","message":"No token provided in request","timestamp":"2025-06-10T15:54:45.678Z"}
{"level":"warn","message":"No token provided in request","timestamp":"2025-06-10T15:55:07.668Z"}
{"level":"warn","message":"No token provided in request","timestamp":"2025-06-10T15:55:08.212Z"}
{"level":"warn","message":"No token provided in request","timestamp":"2025-06-10T15:55:08.675Z"}
{"level":"warn","message":"No token provided in request","timestamp":"2025-06-10T15:55:09.246Z"}
{"level":"warn","message":"No token provided in request","timestamp":"2025-06-10T15:55:10.214Z"}
{"level":"warn","message":"No token provided in request","timestamp":"2025-06-10T15:55:10.718Z"}
{"level":"warn","message":"No token provided in request","timestamp":"2025-06-10T15:55:11.247Z"}
{"level":"warn","message":"No token provided in request","timestamp":"2025-06-10T15:55:11.782Z"}
{"level":"warn","message":"No token provided in request","timestamp":"2025-06-10T15:55:12.256Z"}
{"level":"warn","message":"No token provided in request","timestamp":"2025-06-10T15:55:12.828Z"}
{"level":"warn","message":"No token provided in request","timestamp":"2025-06-10T15:55:53.431Z"}
{"level":"warn","message":"No token provided in request","timestamp":"2025-06-10T15:56:11.929Z"}
{"level":"warn","message":"No token provided in request","timestamp":"2025-06-10T15:56:19.705Z"}
{"level":"warn","message":"No token provided in request","timestamp":"2025-06-10T15:56:20.205Z"}
{"level":"warn","message":"No token provided in request","timestamp":"2025-06-10T15:56:21.168Z"}
{"level":"warn","message":"No token provided in request","timestamp":"2025-06-10T15:56:21.775Z"}
{"level":"warn","message":"No token provided in request","timestamp":"2025-06-10T15:56:22.104Z"}
{"level":"warn","message":"No token provided in request","timestamp":"2025-06-10T15:56:22.514Z"}
{"level":"warn","message":"No token provided in request","timestamp":"2025-06-10T15:56:22.551Z"}
{"level":"warn","message":"No token provided in request","timestamp":"2025-06-10T15:56:22.772Z"}
{"level":"warn","message":"No token provided in request","timestamp":"2025-06-10T15:56:23.251Z"}
{"level":"warn","message":"No token provided in request","timestamp":"2025-06-10T15:56:23.689Z"}
{"level":"warn","message":"No token provided in request","timestamp":"2025-06-10T15:56:24.177Z"}
{"level":"warn","message":"No token provided in request","timestamp":"2025-06-10T15:56:24.738Z"}
{"level":"warn","message":"No token provided in request","timestamp":"2025-06-10T15:56:25.217Z"}
{"level":"warn","message":"No token provided in request","timestamp":"2025-06-10T15:56:26.205Z"}
{"level":"warn","message":"No token provided in request","timestamp":"2025-06-10T15:56:26.676Z"}
{"level":"warn","message":"No token provided in request","timestamp":"2025-06-10T15:57:08.508Z"}
{"level":"warn","message":"No token provided in request","timestamp":"2025-06-10T15:57:17.850Z"}
{"level":"warn","message":"No token provided in request","timestamp":"2025-06-10T15:57:22.300Z"}
{"level":"warn","message":"No token provided in request","timestamp":"2025-06-10T15:57:25.078Z"}
{"level":"warn","message":"No token provided in request","timestamp":"2025-06-10T15:57:27.568Z"}
{"level":"warn","message":"No token provided in request","timestamp":"2025-06-10T15:57:40.018Z"}
{"level":"warn","message":"No token provided in request","timestamp":"2025-06-10T15:57:43.596Z"}
{"level":"warn","message":"No token provided in request","timestamp":"2025-06-10T15:58:01.996Z"}
{"level":"warn","message":"No token provided in request","timestamp":"2025-06-10T15:58:03.527Z"}
{"level":"warn","message":"No token provided in request","timestamp":"2025-06-10T15:58:04.365Z"}
{"level":"warn","message":"No token provided in request","timestamp":"2025-06-10T15:58:16.865Z"}
{"level":"warn","message":"No token provided in request","timestamp":"2025-06-10T15:58:17.679Z"}
{"level":"info","message":"MongoDB connected successfully","timestamp":"2025-06-10T15:59:43.683Z"}
{"level":"warn","message":"No token provided in request","timestamp":"2025-06-10T15:59:57.890Z"}
{"level":"warn","message":"No token provided in request","timestamp":"2025-06-10T16:00:03.393Z"}
{"error":"Order validation failed: user: Path `user` is required.","guestId":"8WkgRvbST7YI","level":"error","message":"Error creating order","timestamp":"2025-06-10T16:00:04.015Z"}
{"level":"warn","message":"No token provided in request","timestamp":"2025-06-10T16:00:04.519Z"}
{"level":"info","message":"MongoDB connected successfully","timestamp":"2025-06-10T16:09:05.175Z"}
{"level":"info","message":"MongoDB connected successfully","timestamp":"2025-06-10T16:09:20.027Z"}
{"level":"warn","message":"No token provided in request","timestamp":"2025-06-10T16:09:53.788Z"}
{"level":"info","message":"Paystack transaction initialized","orderId":"684858d21f4aa6f37429d027","reference":"order_684858d21f4aa6f37429d027_1749571794337","timestamp":"2025-06-10T16:09:55.410Z"}
{"guestId":"8WkgRvbST7YI","level":"info","message":"Order created and payment initialized","orderId":"684858d21f4aa6f37429d027","timestamp":"2025-06-10T16:09:55.498Z"}
{"level":"warn","message":"No token provided in request","timestamp":"2025-06-10T16:09:55.955Z"}
{"level":"warn","message":"No token provided in request","timestamp":"2025-06-10T16:14:15.632Z"}
{"level":"warn","message":"No token provided in request","timestamp":"2025-06-10T16:14:34.671Z"}
{"level":"warn","message":"No token provided in request","timestamp":"2025-06-10T16:15:02.221Z"}
{"level":"warn","message":"No token provided in request","timestamp":"2025-06-10T16:20:00.569Z"}
{"level":"warn","message":"No token provided in request","timestamp":"2025-06-10T16:21:48.265Z"}
{"level":"info","message":"MongoDB connected successfully","timestamp":"2025-06-19T12:59:37.406Z"}
{"level":"warn","message":"No token provided in request","timestamp":"2025-06-19T13:11:43.734Z"}
{"level":"warn","message":"No token provided in request","timestamp":"2025-06-19T13:11:44.725Z"}
{"level":"warn","message":"No token provided in request","timestamp":"2025-06-19T13:11:48.719Z"}
{"error":"jwt expired","level":"error","message":"Token verification failed","timestamp":"2025-06-19T13:11:52.073Z"}
{"level":"warn","message":"No token provided in request","timestamp":"2025-06-19T13:11:57.880Z"}
{"level":"info","message":"MongoDB connected successfully","timestamp":"2025-06-19T13:19:53.059Z"}
{"level":"info","message":"MongoDB connected successfully","timestamp":"2025-06-19T13:21:20.665Z"}
{"level":"info","message":"MongoDB connected successfully","timestamp":"2025-06-19T14:56:14.912Z"}
{"level":"info","message":"MongoDB connected successfully","timestamp":"2025-06-19T14:57:29.122Z"}
{"level":"info","message":"MongoDB connected successfully","timestamp":"2025-06-19T14:57:43.470Z"}
{"level":"info","message":"MongoDB connected successfully","timestamp":"2025-06-19T14:58:15.603Z"}
{"level":"info","message":"MongoDB connected successfully","timestamp":"2025-06-19T14:58:29.962Z"}
{"level":"info","message":"MongoDB connected successfully","timestamp":"2025-06-19T14:58:42.150Z"}
{"level":"info","message":"MongoDB connected successfully","timestamp":"2025-06-19T14:59:20.681Z"}
{"level":"info","message":"MongoDB connected successfully","timestamp":"2025-06-19T14:59:35.702Z"}
{"level":"info","message":"MongoDB connected successfully","timestamp":"2025-06-19T15:00:03.537Z"}
{"level":"info","message":"MongoDB connected successfully","timestamp":"2025-06-19T15:01:36.315Z"}
{"level":"info","message":"MongoDB connected successfully","timestamp":"2025-06-19T15:03:29.641Z"}
{"level":"info","message":"MongoDB connected successfully","timestamp":"2025-06-19T15:05:40.473Z"}
{"level":"info","message":"MongoDB connected successfully","timestamp":"2025-06-19T16:14:13.475Z"}
{"level":"info","message":"MongoDB connected successfully","timestamp":"2025-06-19T16:14:38.801Z"}
{"level":"info","message":"MongoDB connected successfully","timestamp":"2025-06-19T16:19:30.560Z"}
{"level":"info","message":"MongoDB connected successfully","timestamp":"2025-06-19T16:20:35.304Z"}
{"level":"info","message":"MongoDB connected successfully","timestamp":"2025-06-19T16:21:11.866Z"}
{"level":"warn","message":"No token provided in request","timestamp":"2025-06-19T16:21:48.288Z"}
{"level":"warn","message":"No token provided in request","timestamp":"2025-06-19T16:22:03.369Z"}
{"error":"Request failed with status code 429","level":"error","message":"Geocoding error","timestamp":"2025-06-19T16:22:05.080Z"}
{"installerId":"684833e0ff7cd504f99fbbce","level":"warn","message":"Skipping installer due to geocoding failure","timestamp":"2025-06-19T16:22:05.081Z"}
{"level":"warn","message":"No token provided in request","timestamp":"2025-06-19T16:22:05.680Z"}
{"error":"jwt expired","level":"error","message":"Token verification failed","timestamp":"2025-06-19T16:23:18.485Z"}
{"level":"warn","message":"No token provided in request","timestamp":"2025-06-19T16:23:50.307Z"}
{"error":"jwt expired","level":"error","message":"Token verification failed","timestamp":"2025-06-19T16:23:55.197Z"}
{"level":"warn","message":"No token provided in request","timestamp":"2025-06-19T16:24:01.835Z"}
{"level":"warn","message":"No token provided in request","timestamp":"2025-06-19T16:24:04.990Z"}
{"level":"warn","message":"No token provided in request","timestamp":"2025-06-19T16:24:08.228Z"}
{"error":"jwt expired","level":"error","message":"Token verification failed","timestamp":"2025-06-19T16:24:10.205Z"}
{"error":"jwt expired","level":"error","message":"Token verification failed","timestamp":"2025-06-19T16:24:11.752Z"}
{"level":"warn","message":"No token provided in request","timestamp":"2025-06-19T16:24:14.285Z"}
{"error":"jwt expired","level":"error","message":"Token verification failed","timestamp":"2025-06-19T16:24:20.068Z"}
{"level":"warn","message":"No token provided in request","timestamp":"2025-06-19T16:24:24.958Z"}
{"level":"warn","message":"No token provided in request","timestamp":"2025-06-19T16:24:28.818Z"}
{"level":"warn","message":"No token provided in request","timestamp":"2025-06-19T16:24:30.901Z"}
{"level":"warn","message":"No token provided in request","timestamp":"2025-06-19T16:24:33.774Z"}
{"level":"warn","message":"No token provided in request","timestamp":"2025-06-19T16:24:36.635Z"}
{"level":"warn","message":"No token provided in request","timestamp":"2025-06-19T16:24:39.399Z"}
{"level":"warn","message":"No token provided in request","timestamp":"2025-06-19T16:24:41.712Z"}
{"level":"warn","message":"No token provided in request","timestamp":"2025-06-19T16:25:12.347Z"}
{"error":"jwt expired","level":"error","message":"Token verification failed","timestamp":"2025-06-19T16:25:14.420Z"}
{"level":"warn","message":"No token provided in request","timestamp":"2025-06-19T16:25:16.635Z"}
{"level":"warn","message":"No token provided in request","timestamp":"2025-06-19T16:25:42.665Z"}
{"level":"info","message":"User signed up: installer@example.com","timestamp":"2025-06-19T16:25:43.240Z"}
{"level":"warn","message":"No token provided in request","timestamp":"2025-06-19T16:25:44.067Z"}
{"error":"jwt expired","level":"error","message":"Token verification failed","timestamp":"2025-06-19T16:25:55.101Z"}
{"level":"warn","message":"No token provided in request","timestamp":"2025-06-19T16:25:57.320Z"}
{"level":"warn","message":"No token provided in request","timestamp":"2025-06-19T16:25:59.626Z"}
{"level":"warn","message":"No token provided in request","timestamp":"2025-06-19T16:26:08.011Z"}
{"error":"jwt expired","level":"error","message":"Token verification failed","timestamp":"2025-06-19T16:26:08.532Z"}
{"level":"warn","message":"No token provided in request","timestamp":"2025-06-19T16:26:10.714Z"}
{"level":"warn","message":"No token provided in request","timestamp":"2025-06-19T16:26:23.916Z"}
{"level":"warn","message":"No token provided in request","timestamp":"2025-06-19T16:26:25.946Z"}
{"level":"warn","message":"No token provided in request","timestamp":"2025-06-19T16:26:29.670Z"}
{"level":"warn","message":"No token provided in request","timestamp":"2025-06-19T16:26:32.103Z"}
{"level":"warn","message":"No token provided in request","timestamp":"2025-06-19T16:26:36.646Z"}
{"level":"warn","message":"No token provided in request","timestamp":"2025-06-19T16:26:38.874Z"}
{"level":"warn","message":"No token provided in request","timestamp":"2025-06-19T16:26:41.777Z"}
{"error":"jwt expired","level":"error","message":"Token verification failed","timestamp":"2025-06-19T16:26:44.536Z"}
{"level":"warn","message":"No token provided in request","timestamp":"2025-06-19T16:26:50.242Z"}
{"level":"warn","message":"No token provided in request","timestamp":"2025-06-19T16:26:52.458Z"}
{"level":"warn","message":"No token provided in request","timestamp":"2025-06-19T16:26:54.718Z"}
{"error":"jwt expired","level":"error","message":"Token verification failed","timestamp":"2025-06-19T16:27:05.258Z"}
{"level":"warn","message":"No token provided in request","timestamp":"2025-06-19T16:49:15.222Z"}
{"level":"warn","message":"No token provided in request","timestamp":"2025-06-19T16:49:34.312Z"}
{"level":"warn","message":"No token provided in request","timestamp":"2025-06-19T16:49:35.387Z"}
{"level":"warn","message":"No token provided in request","timestamp":"2025-06-19T16:49:36.857Z"}
{"level":"warn","message":"No token provided in request","timestamp":"2025-06-19T16:49:37.919Z"}
{"level":"warn","message":"No token provided in request","timestamp":"2025-06-19T16:49:41.411Z"}
{"level":"warn","message":"No token provided in request","timestamp":"2025-06-19T16:49:48.798Z"}
{"level":"warn","message":"No token provided in request","timestamp":"2025-06-19T16:49:53.739Z"}
{"level":"warn","message":"No token provided in request","timestamp":"2025-06-19T16:49:55.156Z"}
{"level":"warn","message":"No token provided in request","timestamp":"2025-06-19T16:50:04.607Z"}
{"level":"warn","message":"No token provided in request","timestamp":"2025-06-19T16:50:06.944Z"}
{"level":"warn","message":"No token provided in request","timestamp":"2025-06-19T16:50:09.171Z"}
{"level":"warn","message":"No token provided in request","timestamp":"2025-06-19T16:50:11.528Z"}
{"level":"warn","message":"No token provided in request","timestamp":"2025-06-19T16:50:14.745Z"}
{"level":"warn","message":"No token provided in request","timestamp":"2025-06-19T16:50:16.778Z"}
{"error":"jwt expired","level":"error","message":"Token verification failed","timestamp":"2025-06-19T16:50:18.302Z"}
{"level":"warn","message":"No token provided in request","timestamp":"2025-06-19T16:50:19.608Z"}
{"level":"warn","message":"No token provided in request","timestamp":"2025-06-19T16:50:21.567Z"}
{"error":"jwt expired","level":"error","message":"Token verification failed","timestamp":"2025-06-19T16:50:23.064Z"}
{"level":"warn","message":"No token provided in request","timestamp":"2025-06-19T16:50:27.725Z"}
{"level":"warn","message":"No token provided in request","timestamp":"2025-06-19T16:51:19.423Z"}
{"level":"warn","message":"No token provided in request","timestamp":"2025-06-19T16:51:24.271Z"}
{"error":"jwt expired","level":"error","message":"Token verification failed","timestamp":"2025-06-19T16:51:25.663Z"}
{"level":"warn","message":"No token provided in request","timestamp":"2025-06-19T16:51:28.544Z"}
{"level":"warn","message":"No token provided in request","timestamp":"2025-06-19T16:51:42.563Z"}
{"level":"warn","message":"No token provided in request","timestamp":"2025-06-19T16:51:43.520Z"}
{"error":"invalid token","level":"error","message":"Token verification failed","timestamp":"2025-06-19T16:52:05.886Z"}
{"error":"invalid token","level":"error","message":"Token verification failed","timestamp":"2025-06-19T16:52:07.678Z"}
{"error":"invalid token","level":"error","message":"Token verification failed","timestamp":"2025-06-19T16:52:09.812Z"}
{"error":"invalid token","level":"error","message":"Token verification failed","timestamp":"2025-06-19T16:52:11.331Z"}
{"level":"info","message":"MongoDB connected successfully","timestamp":"2025-06-19T16:53:23.237Z"}
{"error":"invalid token","level":"error","message":"Token verification failed","timestamp":"2025-06-19T16:53:33.307Z"}
{"level":"info","message":"Attempting becomeInstaller","timestamp":"2025-06-19T16:53:33.328Z"}
{"error":"invalid token","level":"error","message":"Token verification failed","timestamp":"2025-06-19T16:54:36.371Z"}
{"level":"warn","message":"No token provided in request","timestamp":"2025-06-19T17:01:08.478Z"}
{"level":"warn","message":"No token provided in request","timestamp":"2025-06-19T17:01:30.487Z"}
{"level":"warn","message":"No token provided in request","timestamp":"2025-06-19T17:01:31.600Z"}
{"level":"warn","message":"No token provided in request","timestamp":"2025-06-19T17:01:46.136Z"}
{"level":"info","message":"User logged in: test4@example.com","timestamp":"2025-06-19T17:01:46.357Z"}
{"level":"warn","message":"No token provided in request","timestamp":"2025-06-19T17:01:46.922Z"}
{"level":"warn","message":"No token provided in request","timestamp":"2025-06-19T17:02:15.861Z"}
{"level":"warn","message":"No token provided in request","timestamp":"2025-06-19T17:02:17.192Z"}
{"level":"warn","message":"No token provided in request","timestamp":"2025-06-19T17:02:18.672Z"}
{"error":"invalid token","level":"error","message":"Token verification failed","timestamp":"2025-06-19T17:02:23.971Z"}
{"level":"info","message":"Attempting becomeInstaller","role":"installer","timestamp":"2025-06-19T17:03:28.819Z","userId":"68482276ff7cd504f99fbba2"}
{"level":"warn","message":"No token provided in request","timestamp":"2025-06-19T17:03:45.298Z"}
{"error":"jwt expired","level":"error","message":"Token verification failed","timestamp":"2025-06-19T17:03:50.174Z"}
{"level":"warn","message":"No token provided in request","timestamp":"2025-06-19T17:03:52.126Z"}
{"level":"warn","message":"No token provided in request","timestamp":"2025-06-19T17:03:54.668Z"}
{"level":"warn","message":"No token provided in request","timestamp":"2025-06-19T17:04:05.031Z"}
{"level":"warn","message":"No token provided in request","timestamp":"2025-06-19T17:04:29.493Z"}
{"level":"info","message":"User logged in: installer@example.com","timestamp":"2025-06-19T17:04:29.729Z"}
{"level":"warn","message":"No token provided in request","timestamp":"2025-06-19T17:04:30.289Z"}
{"level":"info","message":"Attempting becomeInstaller","role":"installer","timestamp":"2025-06-19T17:04:49.413Z","userId":"68543a072215d41fad05efe2"}
{"level":"info","message":"Attempting becomeInstaller","role":"installer","timestamp":"2025-06-19T17:04:51.439Z","userId":"68543a072215d41fad05efe2"}
{"level":"info","message":"MongoDB connected successfully","timestamp":"2025-06-20T06:47:55.912Z"}
{"level":"warn","message":"No token provided in request","timestamp":"2025-06-20T06:49:18.038Z"}
{"level":"info","message":"User logged in: installer@example.com","timestamp":"2025-06-20T06:49:18.334Z"}
{"level":"info","message":"Attempting becomeInstaller","role":"installer","timestamp":"2025-06-20T06:49:43.116Z","userId":"68543a072215d41fad05efe2"}
{"level":"warn","message":"No token provided in request","timestamp":"2025-06-20T06:50:12.306Z"}
{"error":"jwt expired","level":"error","message":"Token verification failed","timestamp":"2025-06-20T06:50:13.403Z"}
{"level":"warn","message":"No token provided in request","timestamp":"2025-06-20T06:50:17.295Z"}
{"level":"warn","message":"No token provided in request","timestamp":"2025-06-20T06:50:18.674Z"}
{"level":"warn","message":"No token provided in request","timestamp":"2025-06-20T06:50:20.214Z"}
{"level":"warn","message":"No token provided in request","timestamp":"2025-06-20T06:50:23.179Z"}
{"error":"jwt expired","level":"error","message":"Token verification failed","timestamp":"2025-06-20T06:50:25.082Z"}
{"level":"warn","message":"No token provided in request","timestamp":"2025-06-20T06:50:28.924Z"}
{"level":"warn","message":"No token provided in request","timestamp":"2025-06-20T06:50:34.123Z"}
{"level":"info","message":"User logged in: test4@example.com","timestamp":"2025-06-20T06:50:34.367Z"}
{"level":"warn","message":"No token provided in request","timestamp":"2025-06-20T06:50:34.778Z"}
{"level":"warn","message":"No token provided in request","timestamp":"2025-06-20T06:50:43.558Z"}
{"level":"info","message":"Attempting becomeInstaller","role":"installer","timestamp":"2025-06-20T06:51:07.626Z","userId":"68482276ff7cd504f99fbba2"}
{"level":"info","message":"Attempting becomeInstaller","role":"installer","timestamp":"2025-06-20T06:51:09.550Z","userId":"68482276ff7cd504f99fbba2"}
{"level":"warn","message":"No token provided in request","timestamp":"2025-06-20T06:57:23.728Z"}
{"error":"jwt expired","level":"error","message":"Token verification failed","timestamp":"2025-06-20T06:57:24.597Z"}
{"level":"warn","message":"No token provided in request","timestamp":"2025-06-20T06:57:26.497Z"}
{"level":"warn","message":"No token provided in request","timestamp":"2025-06-20T06:57:28.056Z"}
{"level":"warn","message":"No token provided in request","timestamp":"2025-06-20T06:57:41.997Z"}
{"level":"info","message":"User signed up: test5@example.com","timestamp":"2025-06-20T06:57:42.989Z"}
{"level":"warn","message":"No token provided in request","timestamp":"2025-06-20T06:57:44.136Z"}
{"level":"info","message":"Attempting becomeInstaller","role":"user","timestamp":"2025-06-20T06:58:07.741Z","userId":"6855066673dfd7b2895ac882"}
{"level":"info","message":"User became installer: test5@example.com","timestamp":"2025-06-20T06:58:08.154Z"}
{"level":"warn","message":"No token provided in request","timestamp":"2025-06-20T06:59:50.010Z"}
{"level":"warn","message":"No token provided in request","timestamp":"2025-06-20T06:59:52.496Z"}
{"level":"warn","message":"No token provided in request","timestamp":"2025-06-20T06:59:54.676Z"}
{"level":"warn","message":"No token provided in request","timestamp":"2025-06-20T06:59:55.915Z"}
{"level":"warn","message":"No token provided in request","timestamp":"2025-06-20T06:59:57.306Z"}
{"level":"warn","message":"No token provided in request","timestamp":"2025-06-20T07:00:00.426Z"}
{"level":"warn","message":"No token provided in request","timestamp":"2025-06-20T07:00:03.347Z"}
{"error":"Request failed with status code 422","level":"error","message":"Geocoding error","timestamp":"2025-06-20T07:00:05.491Z"}
{"installerId":"684833e0ff7cd504f99fbbce","level":"warn","message":"Skipping installer due to geocoding failure","timestamp":"2025-06-20T07:00:05.492Z"}
{"address":"789 High St, Lagos, Nigeria","error":"Request failed with status code 429","level":"error","message":"Geocoding error","timestamp":"2025-06-20T07:00:05.849Z"}
{"address":"789 High St, Lagos, Nigeria","installerId":"6855067f73dfd7b2895ac886","level":"warn","message":"Skipping installer due to geocoding failure","timestamp":"2025-06-20T07:00:05.850Z"}
{"level":"warn","message":"No token provided in request","timestamp":"2025-06-20T07:00:06.534Z"}
{"level":"warn","message":"No token provided in request","timestamp":"2025-06-20T07:01:53.022Z"}
{"level":"warn","message":"No token provided in request","timestamp":"2025-06-20T07:03:04.995Z"}
{"level":"warn","message":"No token provided in request","timestamp":"2025-06-20T07:03:05.512Z"}
{"level":"warn","message":"No token provided in request","timestamp":"2025-06-20T07:03:07.063Z"}
{"level":"warn","message":"No token provided in request","timestamp":"2025-06-20T07:03:07.575Z"}
{"level":"warn","message":"No token provided in request","timestamp":"2025-06-20T07:03:08.335Z"}
{"level":"warn","message":"No token provided in request","timestamp":"2025-06-20T07:03:08.840Z"}
{"level":"warn","message":"No token provided in request","timestamp":"2025-06-20T07:03:38.185Z"}
{"guestId":"Y_qQaTZsL0lg","level":"info","message":"Guest details saved","timestamp":"2025-06-20T07:03:38.382Z"}
{"level":"warn","message":"No token provided in request","timestamp":"2025-06-20T07:03:38.829Z"}
{"level":"warn","message":"No token provided in request","timestamp":"2025-06-20T07:03:44.876Z"}
{"level":"warn","message":"No token provided in request","timestamp":"2025-06-20T07:03:45.775Z"}
{"level":"warn","message":"No token provided in request","timestamp":"2025-06-20T07:03:47.206Z"}
{"level":"warn","message":"No token provided in request","timestamp":"2025-06-20T07:03:49.570Z"}
{"level":"warn","message":"No token provided in request","timestamp":"2025-06-20T07:03:52.310Z"}
{"level":"warn","message":"No token provided in request","timestamp":"2025-06-20T07:03:54.738Z"}
{"level":"warn","message":"No token provided in request","timestamp":"2025-06-20T07:03:57.123Z"}
{"level":"warn","message":"No token provided in request","timestamp":"2025-06-20T07:03:59.366Z"}
{"error":"jwt expired","level":"error","message":"Token verification failed","timestamp":"2025-06-20T07:04:03.183Z"}
{"error":"jwt expired","level":"error","message":"Token verification failed","timestamp":"2025-06-20T07:04:07.091Z"}
{"level":"warn","message":"No token provided in request","timestamp":"2025-06-20T07:04:10.004Z"}
{"level":"warn","message":"No token provided in request","timestamp":"2025-06-20T07:04:14.023Z"}
{"level":"warn","message":"No token provided in request","timestamp":"2025-06-20T07:04:18.239Z"}
{"error":"jwt expired","level":"error","message":"Token verification failed","timestamp":"2025-06-20T07:04:20.132Z"}
{"level":"warn","message":"No token provided in request","timestamp":"2025-06-20T07:04:22.099Z"}
{"level":"warn","message":"No token provided in request","timestamp":"2025-06-20T07:11:17.121Z"}
{"level":"info","message":"User signed up: michaelvictoria0422873@gmail.com","timestamp":"2025-06-20T07:11:17.593Z"}
{"level":"warn","message":"No token provided in request","timestamp":"2025-06-20T07:11:18.018Z"}
{"error":"jwt expired","level":"error","message":"Token verification failed","timestamp":"2025-06-20T07:11:26.731Z"}
{"level":"warn","message":"No token provided in request","timestamp":"2025-06-20T07:13:11.800Z"}
{"level":"warn","message":"No token provided in request","timestamp":"2025-06-20T07:13:18.252Z"}
{"level":"warn","message":"No token provided in request","timestamp":"2025-06-20T07:13:22.385Z"}
{"level":"warn","message":"No token provided in request","timestamp":"2025-06-20T07:13:23.064Z"}
{"level":"warn","message":"No token provided in request","timestamp":"2025-06-20T07:13:34.953Z"}
{"level":"warn","message":"No token provided in request","timestamp":"2025-06-20T07:15:09.122Z"}
{"level":"info","message":"User signed up: chiamakamichael58@gmail.com","timestamp":"2025-06-20T07:15:09.726Z"}
{"level":"warn","message":"No token provided in request","timestamp":"2025-06-20T07:15:10.178Z"}
{"level":"warn","message":"No token provided in request","timestamp":"2025-06-20T07:15:21.941Z"}
{"level":"warn","message":"No token provided in request","timestamp":"2025-06-20T07:22:19.748Z"}
{"level":"warn","message":"No token provided in request","timestamp":"2025-06-20T07:45:53.856Z"}
{"level":"warn","message":"No token provided in request","timestamp":"2025-06-20T07:45:55.798Z"}
{"level":"warn","message":"No token provided in request","timestamp":"2025-06-20T07:46:08.656Z"}
{"level":"warn","message":"No token provided in request","timestamp":"2025-06-20T07:46:53.738Z"}
{"level":"info","message":"Paystack transaction initialized","orderId":"685511ef73dfd7b2895ac89f","reference":"order_685511ef73dfd7b2895ac89f_1750405616401","timestamp":"2025-06-20T07:46:57.700Z"}
{"guestId":"8WkgRvbST7YI","level":"info","message":"Order created and payment initialized","orderId":"685511ef73dfd7b2895ac89f","timestamp":"2025-06-20T07:46:57.927Z"}
{"level":"warn","message":"No token provided in request","timestamp":"2025-06-20T07:46:58.833Z"}
{"error":"jwt expired","level":"error","message":"Token verification failed","timestamp":"2025-06-20T07:47:37.930Z"}
{"level":"warn","message":"No token provided in request","timestamp":"2025-06-20T07:48:17.752Z"}
{"error":"jwt expired","level":"error","message":"Token verification failed","timestamp":"2025-06-20T07:48:31.291Z"}
{"level":"warn","message":"No token provided in request","timestamp":"2025-06-20T07:48:56.160Z"}
{"error":"jwt expired","level":"error","message":"Token verification failed","timestamp":"2025-06-20T07:49:10.416Z"}
{"error":"jwt expired","level":"error","message":"Token verification failed","timestamp":"2025-06-20T07:49:24.363Z"}
{"error":"jwt expired","level":"error","message":"Token verification failed","timestamp":"2025-06-20T07:49:34.623Z"}
{"level":"warn","message":"No token provided in request","timestamp":"2025-06-20T07:50:00.171Z"}
{"level":"warn","message":"No token provided in request","timestamp":"2025-06-20T07:50:09.218Z"}
{"level":"warn","message":"No token provided in request","timestamp":"2025-06-20T07:50:39.237Z"}
{"level":"warn","message":"No token provided in request","timestamp":"2025-06-20T07:50:44.886Z"}
{"level":"warn","message":"No token provided in request","timestamp":"2025-06-20T07:50:52.292Z"}
{"level":"warn","message":"No token provided in request","timestamp":"2025-06-20T07:51:03.338Z"}
{"level":"warn","message":"No token provided in request","timestamp":"2025-06-20T07:51:14.632Z"}
{"level":"warn","message":"No token provided in request","timestamp":"2025-06-20T07:52:56.672Z"}
{"level":"warn","message":"No token provided in request","timestamp":"2025-06-20T07:53:57.118Z"}
{"level":"info","message":"User logged in: chiamakamichael58@gmail.com","timestamp":"2025-06-20T07:53:58.104Z"}
{"level":"warn","message":"No token provided in request","timestamp":"2025-06-20T07:53:58.685Z"}
{"level":"info","message":"Attempting becomeInstaller","role":"user","timestamp":"2025-06-20T07:54:39.112Z","userId":"68550a7d73dfd7b2895ac899"}
{"level":"info","message":"User became installer: chiamakamichael58@gmail.com","timestamp":"2025-06-20T07:54:39.342Z"}
{"level":"warn","message":"No token provided in request","timestamp":"2025-06-20T07:54:48.896Z"}
{"level":"warn","message":"No token provided in request","timestamp":"2025-06-20T07:55:07.798Z"}
{"error":"Request failed with status code 429","level":"error","message":"Geocoding error","timestamp":"2025-06-20T07:55:09.788Z"}
{"installerId":"684833e0ff7cd504f99fbbce","level":"warn","message":"Skipping installer due to geocoding failure","timestamp":"2025-06-20T07:55:09.789Z"}
{"address":"789 High St, Lagos, Nigeria","error":"Request failed with status code 429","level":"error","message":"Geocoding error","timestamp":"2025-06-20T07:55:10.553Z"}
{"address":"789 High St, Lagos, Nigeria","installerId":"685513bf73dfd7b2895ac8b5","level":"warn","message":"Skipping installer due to geocoding failure","timestamp":"2025-06-20T07:55:10.556Z"}
{"level":"warn","message":"No token provided in request","timestamp":"2025-06-20T07:55:11.217Z"}
{"level":"warn","message":"No token provided in request","timestamp":"2025-06-20T07:56:18.536Z"}
{"level":"warn","message":"No token provided in request","timestamp":"2025-06-20T07:56:23.824Z"}
{"level":"warn","message":"No token provided in request","timestamp":"2025-06-20T07:56:25.588Z"}
{"level":"warn","message":"No token provided in request","timestamp":"2025-06-20T07:56:27.426Z"}
{"level":"warn","message":"No token provided in request","timestamp":"2025-06-20T07:56:29.222Z"}
{"level":"warn","message":"No token provided in request","timestamp":"2025-06-20T07:56:47.450Z"}
{"level":"warn","message":"No token provided in request","timestamp":"2025-06-20T07:56:48.379Z"}
{"level":"warn","message":"No token provided in request","timestamp":"2025-06-20T07:56:50.187Z"}
{"level":"warn","message":"No token provided in request","timestamp":"2025-06-20T07:56:51.899Z"}
{"level":"warn","message":"No token provided in request","timestamp":"2025-06-20T07:56:56.621Z"}
{"level":"warn","message":"No token provided in request","timestamp":"2025-06-20T07:56:57.615Z"}
{"level":"warn","message":"No token provided in request","timestamp":"2025-06-20T07:56:58.166Z"}
{"level":"warn","message":"No token provided in request","timestamp":"2025-06-20T07:56:58.930Z"}
{"level":"warn","message":"No token provided in request","timestamp":"2025-06-20T07:56:59.279Z"}
{"level":"warn","message":"No token provided in request","timestamp":"2025-06-20T07:57:00.939Z"}
{"level":"warn","message":"No token provided in request","timestamp":"2025-06-20T07:57:11.324Z"}
{"level":"warn","message":"No token provided in request","timestamp":"2025-06-20T07:57:12.086Z"}
{"level":"warn","message":"No token provided in request","timestamp":"2025-06-20T07:57:56.760Z"}
{"level":"warn","message":"No token provided in request","timestamp":"2025-06-20T07:57:57.514Z"}
{"level":"warn","message":"No token provided in request","timestamp":"2025-06-20T07:57:58.516Z"}
{"level":"warn","message":"No token provided in request","timestamp":"2025-06-20T07:57:59.386Z"}
{"level":"warn","message":"No token provided in request","timestamp":"2025-06-20T07:58:06.768Z"}
{"level":"warn","message":"No token provided in request","timestamp":"2025-06-20T07:58:16.611Z"}
{"level":"warn","message":"No token provided in request","timestamp":"2025-06-20T07:58:22.158Z"}
{"level":"warn","message":"No token provided in request","timestamp":"2025-06-20T07:58:25.776Z"}
{"level":"warn","message":"No token provided in request","timestamp":"2025-06-20T07:58:34.145Z"}
{"level":"warn","message":"No token provided in request","timestamp":"2025-06-20T07:58:37.567Z"}
{"level":"warn","message":"No token provided in request","timestamp":"2025-06-20T07:58:41.528Z"}
{"level":"warn","message":"No token provided in request","timestamp":"2025-06-20T07:58:50.962Z"}
{"level":"warn","message":"No token provided in request","timestamp":"2025-06-20T07:59:32.773Z"}
{"level":"warn","message":"No token provided in request","timestamp":"2025-06-20T07:59:39.871Z"}
{"level":"warn","message":"No token provided in request","timestamp":"2025-06-20T07:59:40.696Z"}
{"level":"warn","message":"No token provided in request","timestamp":"2025-06-20T07:59:41.264Z"}
{"level":"warn","message":"No token provided in request","timestamp":"2025-06-20T07:59:42.120Z"}
{"level":"info","message":"MongoDB connected successfully","timestamp":"2025-06-20T09:24:25.770Z"}
{"level":"info","message":"MongoDB connected successfully","timestamp":"2025-06-20T09:41:34.837Z"}
{"level":"info","message":"MongoDB connected successfully","timestamp":"2025-06-20T10:23:10.821Z"}
{"level":"info","message":"MongoDB connected successfully","timestamp":"2025-06-20T10:23:11.343Z"}
{"level":"info","message":"MongoDB connected successfully","timestamp":"2025-06-20T10:23:47.156Z"}
{"level":"info","message":"MongoDB connected successfully","timestamp":"2025-06-20T10:23:48.493Z"}
{"level":"info","message":"MongoDB connected successfully","timestamp":"2025-06-20T10:24:16.644Z"}
{"level":"info","message":"MongoDB connected successfully","timestamp":"2025-06-20T10:24:16.644Z"}
{"level":"info","message":"MongoDB connected successfully","timestamp":"2025-06-20T10:31:35.691Z"}
{"level":"warn","message":"No token provided in request","timestamp":"2025-06-20T10:33:05.089Z"}
{"level":"warn","message":"No token provided in request","timestamp":"2025-06-20T10:36:13.320Z"}
{"level":"warn","message":"No token provided in request","timestamp":"2025-06-20T10:36:13.871Z"}
{"level":"info","message":"MongoDB connected successfully","timestamp":"2025-06-20T10:52:34.697Z"}
{"level":"info","message":"MongoDB connected successfully","timestamp":"2025-06-20T10:52:35.662Z"}
{"level":"info","message":"MongoDB connected successfully","timestamp":"2025-06-20T10:52:53.719Z"}
{"level":"info","message":"MongoDB connected successfully","timestamp":"2025-06-20T10:52:54.070Z"}
{"level":"info","message":"MongoDB connected successfully","timestamp":"2025-06-20T10:59:48.857Z"}
{"level":"info","message":"MongoDB connected successfully","timestamp":"2025-06-20T10:59:49.258Z"}
{"level":"info","message":"MongoDB connected successfully","timestamp":"2025-06-20T11:01:16.144Z"}
{"level":"info","message":"MongoDB connected successfully","timestamp":"2025-06-20T11:01:52.848Z"}
{"level":"info","message":"MongoDB connected successfully","timestamp":"2025-06-20T11:01:53.563Z"}
{"level":"warn","message":"No token provided in request","timestamp":"2025-06-20T11:02:22.780Z"}
{"level":"info","message":"Verification email sent to: newuser@example.com","timestamp":"2025-06-20T11:02:25.763Z"}
{"level":"info","message":"User signed up, OTP sent: newuser@example.com","timestamp":"2025-06-20T11:02:25.764Z"}
{"level":"warn","message":"No token provided in request","timestamp":"2025-06-20T11:02:26.256Z"}
{"level":"warn","message":"No token provided in request","timestamp":"2025-06-20T11:03:51.126Z"}
{"level":"info","message":"Verification email sent to: michaelvictoria0422873@gmail.com","timestamp":"2025-06-20T11:03:53.823Z"}
{"level":"info","message":"User signed up, OTP sent: michaelvictoria0422873@gmail.com","timestamp":"2025-06-20T11:03:53.824Z"}
{"level":"warn","message":"No token provided in request","timestamp":"2025-06-20T11:03:54.348Z"}
{"level":"warn","message":"No token provided in request","timestamp":"2025-06-20T11:05:22.045Z"}
{"level":"warn","message":"No token provided in request","timestamp":"2025-06-20T11:07:12.956Z"}
{"level":"warn","message":"No token provided in request","timestamp":"2025-06-20T11:07:13.588Z"}
{"level":"info","message":"MongoDB connected successfully","timestamp":"2025-06-20T11:13:24.201Z"}
{"level":"info","message":"MongoDB connected successfully","timestamp":"2025-06-20T11:13:24.910Z"}
{"level":"info","message":"MongoDB connected successfully","timestamp":"2025-06-20T11:15:22.497Z"}
{"level":"warn","message":"No token provided in request","timestamp":"2025-06-20T11:15:35.361Z"}
{"error":"Invalid or expired OTP","level":"error","message":"Verify email error:","timestamp":"2025-06-20T11:15:35.581Z"}
{"level":"warn","message":"No token provided in request","timestamp":"2025-06-20T11:15:36.382Z"}
{"level":"warn","message":"No token provided in request","timestamp":"2025-06-20T11:15:46.326Z"}
{"level":"warn","message":"No token provided in request","timestamp":"2025-06-20T11:15:51.499Z"}
{"level":"warn","message":"User not found for token","timestamp":"2025-06-20T11:15:56.887Z","userId":"6855099573dfd7b2895ac890"}
{"level":"warn","message":"No token provided in request","timestamp":"2025-06-20T11:15:58.267Z"}
{"level":"warn","message":"No token provided in request","timestamp":"2025-06-20T11:15:59.509Z"}
{"level":"warn","message":"No token provided in request","timestamp":"2025-06-20T11:16:01.844Z"}
{"level":"warn","message":"No token provided in request","timestamp":"2025-06-20T11:16:08.538Z"}
{"level":"warn","message":"Signup attempt with existing email: michaelvictoria0422873@gmail.com","timestamp":"2025-06-20T11:16:08.720Z"}
{"error":"Email already in use","level":"error","message":"Signup error:","timestamp":"2025-06-20T11:16:08.721Z"}
{"level":"warn","message":"No token provided in request","timestamp":"2025-06-20T11:16:09.414Z"}
{"level":"warn","message":"No token provided in request","timestamp":"2025-06-20T11:16:10.638Z"}
{"level":"warn","message":"Signup attempt with existing email: michaelvictoria0422873@gmail.com","timestamp":"2025-06-20T11:16:10.880Z"}
{"error":"Email already in use","level":"error","message":"Signup error:","timestamp":"2025-06-20T11:16:10.881Z"}
{"level":"warn","message":"No token provided in request","timestamp":"2025-06-20T11:16:11.561Z"}
{"level":"warn","message":"No token provided in request","timestamp":"2025-06-20T11:16:53.923Z"}
{"level":"info","message":"Verification email sent to: chiamakamichael58@gmail.com","timestamp":"2025-06-20T11:16:57.078Z"}
{"level":"info","message":"User signed up, OTP sent: chiamakamichael58@gmail.com","timestamp":"2025-06-20T11:16:57.080Z"}
{"level":"warn","message":"No token provided in request","timestamp":"2025-06-20T11:16:57.784Z"}
{"level":"warn","message":"No token provided in request","timestamp":"2025-06-20T11:17:01.089Z"}
{"level":"warn","message":"No token provided in request","timestamp":"2025-06-20T11:17:38.834Z"}
{"error":"Invalid or expired OTP","level":"error","message":"Verify email error:","timestamp":"2025-06-20T11:17:39.071Z"}
{"level":"warn","message":"No token provided in request","timestamp":"2025-06-20T11:17:39.811Z"}
{"level":"warn","message":"No token provided in request","timestamp":"2025-06-20T11:18:12.008Z"}
{"level":"info","message":"Email verified: chiamakamichael58@gmail.com","timestamp":"2025-06-20T11:18:12.474Z"}
{"level":"warn","message":"No token provided in request","timestamp":"2025-06-20T11:18:14.501Z"}
{"level":"warn","message":"No token provided in request","timestamp":"2025-06-20T11:18:25.647Z"}
{"level":"warn","message":"User not found for token","timestamp":"2025-06-20T11:18:28.524Z","userId":"6855099573dfd7b2895ac890"}
{"level":"warn","message":"No token provided in request","timestamp":"2025-06-20T11:18:31.107Z"}
{"level":"warn","message":"No token provided in request","timestamp":"2025-06-20T11:18:40.217Z"}
{"level":"info","message":"MongoDB connected successfully","timestamp":"2025-06-20T11:23:37.793Z"}
{"level":"info","message":"MongoDB connected successfully","timestamp":"2025-06-20T12:29:57.075Z"}
{"level":"info","message":"MongoDB connected successfully","timestamp":"2025-06-20T12:30:14.660Z"}
{"level":"info","message":"MongoDB connected successfully","timestamp":"2025-06-20T12:30:30.483Z"}
{"level":"info","message":"MongoDB connected successfully","timestamp":"2025-06-20T12:30:38.294Z"}
{"level":"info","message":"MongoDB connected successfully","timestamp":"2025-06-20T12:31:57.266Z"}
{"level":"info","message":"MongoDB connected successfully","timestamp":"2025-06-20T12:31:57.856Z"}
{"level":"info","message":"MongoDB connected successfully","timestamp":"2025-06-20T12:32:16.669Z"}
{"level":"info","message":"MongoDB connected successfully","timestamp":"2025-06-20T12:32:18.819Z"}
{"level":"info","message":"MongoDB connected successfully","timestamp":"2025-06-20T12:41:01.199Z"}
{"level":"info","message":"MongoDB connected successfully","timestamp":"2025-06-20T12:42:02.383Z"}
{"level":"info","message":"MongoDB connected successfully","timestamp":"2025-06-20T12:42:02.433Z"}
{"level":"info","message":"MongoDB connected successfully","timestamp":"2025-06-20T12:43:33.741Z"}
{"level":"info","message":"MongoDB connected successfully","timestamp":"2025-06-20T12:43:34.362Z"}
