{"error":"Could not connect to any servers in your MongoDB Atlas cluster. One common reason is that you're trying to access the database from an IP that isn't whitelisted. Make sure your current IP address is on your Atlas cluster's IP whitelist: https://www.mongodb.com/docs/atlas/security-whitelist/","level":"error","message":"MongoDB connection error:","timestamp":"2025-06-05T15:46:34.968Z"}
{"error":"Request failed with status code 401","level":"error","message":"Error initializing Paystack payment","timestamp":"2025-06-08T23:40:01.268Z","userId":"68461e02180e62a2ce1ec66b"}
{"error":"Failed to initialize payment","level":"error","message":"Error creating order","timestamp":"2025-06-08T23:40:01.284Z","userId":"68461e02180e62a2ce1ec66b"}
{"error":"payload is not defined","level":"error","message":"Error creating order","timestamp":"2025-06-08T23:59:41.880Z","userId":"68461e02180e62a2ce1ec66b"}
{"error":"Invalid key","level":"error","message":"Error initializing Paystack payment","orderId":"6846261af0d10d37852075d7","timestamp":"2025-06-09T00:08:59.690Z","userId":"68461e02180e62a2ce1ec66b"}
{"error":"Failed to initialize payment: Invalid key","level":"error","message":"Error creating order","timestamp":"2025-06-09T00:08:59.700Z","userId":"68461e02180e62a2ce1ec66b"}
{"error":"Could not connect to any servers in your MongoDB Atlas cluster. One common reason is that you're trying to access the database from an IP that isn't whitelisted. Make sure your current IP address is on your Atlas cluster's IP whitelist: https://www.mongodb.com/docs/atlas/security-whitelist/","level":"error","message":"MongoDB connection error:","timestamp":"2025-06-10T08:55:31.710Z"}
{"error":"secret or public key must be provided","level":"error","message":"Token verification failed","timestamp":"2025-06-10T11:24:40.899Z"}
{"error":"secret or public key must be provided","level":"error","message":"Token verification failed","timestamp":"2025-06-10T11:24:41.407Z"}
{"error":"Email already in use. Please use a different email or log in.","level":"error","message":"Signup error:","timestamp":"2025-06-10T11:39:28.562Z"}
{"error":"secretOrPrivateKey must have a value","level":"error","message":"Signup error:","timestamp":"2025-06-10T11:39:52.772Z"}
{"error":"Email already in use. Please use a different email or log in.","level":"error","message":"Signup error:","timestamp":"2025-06-10T11:40:15.871Z"}
{"error":"secretOrPrivateKey must have a value","level":"error","message":"Signup error:","timestamp":"2025-06-10T11:40:27.318Z"}
{"error":"invalid signature","level":"error","message":"Token verification failed","timestamp":"2025-06-10T12:02:29.104Z"}
{"error":"Product 68461cd0180e62a2ce1ec662 not found","level":"error","message":"Error creating order","timestamp":"2025-06-10T12:02:40.335Z","userId":"68481ec8ff7cd504f99fbb5b"}
{"error":"Product 68461cd0180e62a2ce1ec662 not found","level":"error","message":"Error creating order","timestamp":"2025-06-10T12:04:19.232Z","userId":"68481ec8ff7cd504f99fbb5b"}
{"error":"Product 68461cd0180e62a2ce1ec662 not found","level":"error","message":"Error creating order","timestamp":"2025-06-10T12:08:35.571Z","userId":"68481ec8ff7cd504f99fbb5b"}
{"error":"Product 68461cd0180e62a537f2c662 not found","level":"error","message":"Error creating order","timestamp":"2025-06-10T12:10:22.436Z","userId":"68481ec8ff7cd504f99fbb5b"}
{"error":"invalid signature","level":"error","message":"Token verification failed","timestamp":"2025-06-10T12:11:26.315Z"}
{"error":"jwt malformed","level":"error","message":"Token verification failed","timestamp":"2025-06-10T12:11:34.227Z"}
{"error":"jwt malformed","level":"error","message":"Token verification failed","timestamp":"2025-06-10T12:11:51.946Z"}
{"error":"jwt malformed","level":"error","message":"Token verification failed","timestamp":"2025-06-10T12:11:52.353Z"}
{"error":"read ECONNRESET","level":"error","message":"Token verification failed","timestamp":"2025-06-10T12:17:32.980Z"}
{"error":"read ECONNRESET","level":"error","message":"Token verification failed","timestamp":"2025-06-10T12:17:33.688Z"}
{"error":"Email already in use. Please use a different email or log in.","level":"error","message":"Signup error:","timestamp":"2025-06-10T12:17:45.266Z"}
{"error":"read ECONNRESET","level":"error","message":"Token verification failed","timestamp":"2025-06-10T13:30:37.695Z"}
{"error":"text index required for $text query","level":"error","message":"Error in searchProducts","timestamp":"2025-06-10T13:41:09.073Z"}
{"error":"Failed to search products","level":"error","message":"Error searching products","query":"solar","timestamp":"2025-06-10T13:41:09.075Z"}
{"error":"text index required for $text query","level":"error","message":"Error in searchProducts","timestamp":"2025-06-10T13:41:10.987Z"}
{"error":"Failed to search products","level":"error","message":"Error searching products","query":"solar","timestamp":"2025-06-10T13:41:10.988Z"}
{"error":"text index required for $text query","level":"error","message":"Error in searchProducts","timestamp":"2025-06-10T14:08:46.559Z"}
{"error":"Failed to search products","level":"error","message":"Error searching products","query":"solar","timestamp":"2025-06-10T14:08:46.559Z"}
{"error":"text index required for $text query","level":"error","message":"Error in searchProducts","timestamp":"2025-06-10T14:08:50.497Z"}
{"error":"Failed to search products","level":"error","message":"Error searching products","query":"solar","timestamp":"2025-06-10T14:08:50.497Z"}
{"error":"text index required for $text query","level":"error","message":"Error in searchProducts","timestamp":"2025-06-10T14:08:51.848Z"}
{"error":"Failed to search products","level":"error","message":"Error searching products","query":"solar","timestamp":"2025-06-10T14:08:51.849Z"}
{"error":"text index required for $text query","level":"error","message":"Error in searchProducts","timestamp":"2025-06-10T14:23:32.237Z"}
{"error":"Failed to search products","level":"error","message":"Error searching products","query":"battery","timestamp":"2025-06-10T14:23:32.238Z"}
{"error":"text index required for $text query","level":"error","message":"Error in searchProducts","timestamp":"2025-06-10T14:24:44.221Z"}
{"error":"Failed to search products","level":"error","message":"Error searching products","query":"solar","timestamp":"2025-06-10T14:24:44.222Z"}
{"error":"text index required for $text query","level":"error","message":"Error in searchProducts","timestamp":"2025-06-10T14:26:33.857Z"}
{"error":"Failed to search products","level":"error","message":"Error searching products","query":"solar","timestamp":"2025-06-10T14:26:33.857Z"}
{"error":"Order validation failed: user: Path `user` is required.","guestId":"8WkgRvbST7YI","level":"error","message":"Error creating order","timestamp":"2025-06-10T16:00:04.015Z"}
{"error":"jwt expired","level":"error","message":"Token verification failed","timestamp":"2025-06-19T13:11:52.073Z"}
{"error":"Request failed with status code 429","level":"error","message":"Geocoding error","timestamp":"2025-06-19T16:22:05.080Z"}
{"error":"jwt expired","level":"error","message":"Token verification failed","timestamp":"2025-06-19T16:23:18.485Z"}
{"error":"jwt expired","level":"error","message":"Token verification failed","timestamp":"2025-06-19T16:23:55.197Z"}
{"error":"jwt expired","level":"error","message":"Token verification failed","timestamp":"2025-06-19T16:24:10.205Z"}
{"error":"jwt expired","level":"error","message":"Token verification failed","timestamp":"2025-06-19T16:24:11.752Z"}
{"error":"jwt expired","level":"error","message":"Token verification failed","timestamp":"2025-06-19T16:24:20.068Z"}
{"error":"jwt expired","level":"error","message":"Token verification failed","timestamp":"2025-06-19T16:25:14.420Z"}
{"error":"jwt expired","level":"error","message":"Token verification failed","timestamp":"2025-06-19T16:25:55.101Z"}
{"error":"jwt expired","level":"error","message":"Token verification failed","timestamp":"2025-06-19T16:26:08.532Z"}
{"error":"jwt expired","level":"error","message":"Token verification failed","timestamp":"2025-06-19T16:26:44.536Z"}
{"error":"jwt expired","level":"error","message":"Token verification failed","timestamp":"2025-06-19T16:27:05.258Z"}
{"error":"jwt expired","level":"error","message":"Token verification failed","timestamp":"2025-06-19T16:50:18.302Z"}
{"error":"jwt expired","level":"error","message":"Token verification failed","timestamp":"2025-06-19T16:50:23.064Z"}
{"error":"jwt expired","level":"error","message":"Token verification failed","timestamp":"2025-06-19T16:51:25.663Z"}
{"error":"invalid token","level":"error","message":"Token verification failed","timestamp":"2025-06-19T16:52:05.886Z"}
{"error":"invalid token","level":"error","message":"Token verification failed","timestamp":"2025-06-19T16:52:07.678Z"}
{"error":"invalid token","level":"error","message":"Token verification failed","timestamp":"2025-06-19T16:52:09.812Z"}
{"error":"invalid token","level":"error","message":"Token verification failed","timestamp":"2025-06-19T16:52:11.331Z"}
{"error":"invalid token","level":"error","message":"Token verification failed","timestamp":"2025-06-19T16:53:33.307Z"}
{"error":"invalid token","level":"error","message":"Token verification failed","timestamp":"2025-06-19T16:54:36.371Z"}
{"error":"invalid token","level":"error","message":"Token verification failed","timestamp":"2025-06-19T17:02:23.971Z"}
{"error":"jwt expired","level":"error","message":"Token verification failed","timestamp":"2025-06-19T17:03:50.174Z"}
{"error":"jwt expired","level":"error","message":"Token verification failed","timestamp":"2025-06-20T06:50:13.403Z"}
{"error":"jwt expired","level":"error","message":"Token verification failed","timestamp":"2025-06-20T06:50:25.082Z"}
{"error":"jwt expired","level":"error","message":"Token verification failed","timestamp":"2025-06-20T06:57:24.597Z"}
{"error":"Request failed with status code 422","level":"error","message":"Geocoding error","timestamp":"2025-06-20T07:00:05.491Z"}
{"address":"789 High St, Lagos, Nigeria","error":"Request failed with status code 429","level":"error","message":"Geocoding error","timestamp":"2025-06-20T07:00:05.849Z"}
{"error":"jwt expired","level":"error","message":"Token verification failed","timestamp":"2025-06-20T07:04:03.183Z"}
{"error":"jwt expired","level":"error","message":"Token verification failed","timestamp":"2025-06-20T07:04:07.091Z"}
{"error":"jwt expired","level":"error","message":"Token verification failed","timestamp":"2025-06-20T07:04:20.132Z"}
{"error":"jwt expired","level":"error","message":"Token verification failed","timestamp":"2025-06-20T07:11:26.731Z"}
{"error":"jwt expired","level":"error","message":"Token verification failed","timestamp":"2025-06-20T07:47:37.930Z"}
{"error":"jwt expired","level":"error","message":"Token verification failed","timestamp":"2025-06-20T07:48:31.291Z"}
{"error":"jwt expired","level":"error","message":"Token verification failed","timestamp":"2025-06-20T07:49:10.416Z"}
{"error":"jwt expired","level":"error","message":"Token verification failed","timestamp":"2025-06-20T07:49:24.363Z"}
{"error":"jwt expired","level":"error","message":"Token verification failed","timestamp":"2025-06-20T07:49:34.623Z"}
{"error":"Request failed with status code 429","level":"error","message":"Geocoding error","timestamp":"2025-06-20T07:55:09.788Z"}
{"address":"789 High St, Lagos, Nigeria","error":"Request failed with status code 429","level":"error","message":"Geocoding error","timestamp":"2025-06-20T07:55:10.553Z"}
{"error":"Invalid or expired OTP","level":"error","message":"Verify email error:","timestamp":"2025-06-20T11:15:35.581Z"}
{"error":"Email already in use","level":"error","message":"Signup error:","timestamp":"2025-06-20T11:16:08.721Z"}
{"error":"Email already in use","level":"error","message":"Signup error:","timestamp":"2025-06-20T11:16:10.881Z"}
{"error":"Invalid or expired OTP","level":"error","message":"Verify email error:","timestamp":"2025-06-20T11:17:39.071Z"}
